<book xmlns="http://maven.apache.org/BOOK/1.0.0"
 xmlns:xsi="http://www.w3.org/2001/XMLSchema-instance"
 xsi:schemaLocation="http://maven.apache.org/BOOK/1.0.0 http://maven.apache.org/xsd/book-1.0.0.xsd">
    <id>test-book</id>
    <title>Test Book</title>
    <author>Jakob</author>
    <chapters>

        <chapter>
            <id>foo</id>
            <title>Foo</title>
            <sections>
                <section>
                    <id>foo1</id>
                </section>
                <section>
                    <id>foo2</id>
                </section>
            </sections>
        </chapter>

        <chapter>
            <id>bar</id>
            <title>Bar</title>
            <sections>
                <section>
                    <id>bar1</id>
                </section>
            </sections>
        </chapter>
        
    </chapters>
</book>